{
  "stats": {
    "suites": 2,
    "tests": 1,
    "passes": 1,
    "pending": 0,
    "failures": 0,
    "start": "2023-10-20T06:44:22.078Z",
    "end": "2023-10-20T06:44:22.115Z",
    "duration": 37,
    "testsRegistered": 1,
    "passPercent": 100,
    "pendingPercent": 0,
    "other": 0,
    "hasOther": false,
    "skipped": 0,
    "hasSkipped": false
  },
  "results": [
    {
      "uuid": "f7e0473a-bfd3-45a4-aaa8-10444463c117",
      "title": "",
      "fullFile": "/home/runner/work/user-micro-service/user-micro-service/src/unit/user.test.js",
      "file": "/src/unit/user.test.js",
      "beforeHooks": [],
      "afterHooks": [],
      "tests": [],
      "suites": [
        {
          "uuid": "b03b6957-674e-4a20-948c-5a901a813078",
          "title": "User Routes, Controller, and Factory (Unit Tests)",
          "fullFile": "/home/runner/work/user-micro-service/user-micro-service/src/unit/user.test.js",
          "file": "/src/unit/user.test.js",
          "beforeHooks": [
            {
              "title": "\"before all\" hook in \"User Routes, Controller, and Factory (Unit Tests)\"",
              "fullTitle": "User Routes, Controller, and Factory (Unit Tests) \"before all\" hook in \"User Routes, Controller, and Factory (Unit Tests)\"",
              "timedOut": false,
              "duration": 2,
              "state": null,
              "speed": null,
              "pass": false,
              "fail": false,
              "pending": false,
              "context": null,
              "code": "// Stub User.createUser to return a Dummy user\n       const createUserStub = sinon.stub(User, 'createUser').resolves({\n   _id: '65153b534b51b249d08d138c',\n   name: 'Dummy User',\n   email: 'dummy@example.com',\n   age: 77\n        });\n // Stub user.generateAuthToken to return a mock token\n        const generateAuthTokenStub = sinon.stub().resolves('your-generated-token-here');\n        createUserStub.returns({ generateAuthToken: generateAuthTokenStub });",
              "err": {},
              "uuid": "e8164fff-1def-4f00-8db1-dbca2aa0fdaf",
              "parentUUID": "b03b6957-674e-4a20-948c-5a901a813078",
              "isHook": true,
              "skipped": false
            }
          ],
          "afterHooks": [
            {
              "title": "\"after all\" hook in \"User Routes, Controller, and Factory (Unit Tests)\"",
              "fullTitle": "User Routes, Controller, and Factory (Unit Tests) \"after all\" hook in \"User Routes, Controller, and Factory (Unit Tests)\"",
              "timedOut": false,
              "duration": 0,
              "state": null,
              "speed": null,
              "pass": false,
              "fail": false,
              "pending": false,
              "context": null,
              "code": "sinon.restore();\nserver.close();",
              "err": {},
              "uuid": "2fbed45a-1ed6-43b2-84c7-1c055735ac72",
              "parentUUID": "b03b6957-674e-4a20-948c-5a901a813078",
              "isHook": true,
              "skipped": false
            }
          ],
          "tests": [],
          "suites": [
            {
              "uuid": "c23425ad-f4aa-4f56-b0f1-c21bb70294ce",
              "title": "User Routes",
              "fullFile": "/home/runner/work/user-micro-service/user-micro-service/src/unit/user.test.js",
              "file": "/src/unit/user.test.js",
              "beforeHooks": [],
              "afterHooks": [],
              "tests": [
                {
                  "title": "should handle POST /api/user/sign-up",
                  "fullTitle": "User Routes, Controller, and Factory (Unit Tests) User Routes should handle POST /api/user/sign-up",
                  "timedOut": false,
                  "duration": 30,
                  "state": "passed",
                  "speed": "fast",
                  "pass": true,
                  "fail": false,
                  "pending": false,
                  "context": null,
                  "code": "const response = await chai\n  .request(app)\n  .post('/api/user/sign-up')\n  .send({\n    \"name\":\"ravi\",\n    \"age\":27,\n    \"email\":\"ravi001101@tmpeml.com\",\n    \"password\":\"t23s70y\"\n});\nchai.expect(response).to.have.status(201); \nsinon.assert.calledWithExactly(User.createUser, {\n    \"name\":\"ravi\",\n    \"age\":27,\n    \"email\":\"ravi001101@tmpeml.com\",\n    \"password\":\"t23s70y\"\n});",
                  "err": {},
                  "uuid": "1383dacf-d437-4fb2-b6b9-38e9e457ba76",
                  "parentUUID": "c23425ad-f4aa-4f56-b0f1-c21bb70294ce",
                  "isHook": false,
                  "skipped": false
                }
              ],
              "suites": [],
              "passes": [
                "1383dacf-d437-4fb2-b6b9-38e9e457ba76"
              ],
              "failures": [],
              "pending": [],
              "skipped": [],
              "duration": 30,
              "root": false,
              "rootEmpty": false,
              "_timeout": 2000
            }
          ],
          "passes": [],
          "failures": [],
          "pending": [],
          "skipped": [],
          "duration": 0,
          "root": false,
          "rootEmpty": false,
          "_timeout": 2000
        }
      ],
      "passes": [],
      "failures": [],
      "pending": [],
      "skipped": [],
      "duration": 0,
      "root": true,
      "rootEmpty": true,
      "_timeout": 2000
    }
  ],
  "meta": {
    "mocha": {
      "version": "10.2.0"
    },
    "mochawesome": {
      "options": {
        "quiet": false,
        "reportFilename": "mochawesome",
        "saveHtml": true,
        "saveJson": true,
        "consoleReporter": "spec",
        "useInlineDiffs": false,
        "code": true
      },
      "version": "7.1.3"
    },
    "marge": {
      "options": null,
      "version": "6.2.0"
    }
  }
}